<?xml version="1.0" encoding="UTF-8"?>
<!-- Generated by org.testng.reporters.JUnitXMLReporter -->
<testsuite ignored="0" hostname="Rehansgamingdevice" failures="1" tests="6" name="chromeTest" time="21.844" errors="0" timestamp="2025-02-10T16:36:21 IST">
  <testcase classname="testCases.TC_0003_LoginWithDDT" name="verify_loginDDT" time="1.267"/>
  <testcase classname="testCases.TC_0003_LoginWithDDT" name="verify_loginDDT" time="3.738"/>
  <testcase classname="testCases.TC_0003_LoginWithDDT" name="verify_loginDDT" time="3.731"/>
  <testcase classname="testCases.TC_0003_LoginWithDDT" name="verify_loginDDT" time="3.789"/>
  <testcase classname="testCases.TC_0003_LoginWithDDT" name="verify_loginDDT" time="1.214"/>
  <testcase classname="testCases.TC_0003_LoginWithDDT" name="verify_loginDDT" time="4.001">
    <failure type="java.lang.AssertionError" message="expected [true] but found [false]">
      <![CDATA[java.lang.AssertionError: expected [true] but found [false]
at testCases.TC_0003_LoginWithDDT.verify_loginDDT(TC_0003_LoginWithDDT.java:45)
at java.base/java.util.ArrayList.forEach(ArrayList.java:1597)
... Removed 29 stack frames]]>
    </failure>
  </testcase> <!-- verify_loginDDT -->
</testsuite> <!-- chromeTest -->
